[2024-11-14T22:14:33.656+0700] {local_task_job_runner.py:123} INFO - ::group::Pre task execution logs
[2024-11-14T22:14:33.662+0700] {taskinstance.py:2613} INFO - Dependencies all met for dep_context=non-requeueable deps ti=<TaskInstance: etl_vlance_dag.update_vlance_jobs manual__2024-11-14T15:00:18.446812+00:00 [queued]>
[2024-11-14T22:14:33.666+0700] {taskinstance.py:2613} INFO - Dependencies all met for dep_context=requeueable deps ti=<TaskInstance: etl_vlance_dag.update_vlance_jobs manual__2024-11-14T15:00:18.446812+00:00 [queued]>
[2024-11-14T22:14:33.666+0700] {taskinstance.py:2866} INFO - Starting attempt 2 of 2
[2024-11-14T22:14:33.675+0700] {taskinstance.py:2889} INFO - Executing <Task(BashOperator): update_vlance_jobs> on 2024-11-14 15:00:18.446812+00:00
[2024-11-14T22:14:33.678+0700] {standard_task_runner.py:72} INFO - Started process 171087 to run task
[2024-11-14T22:14:33.680+0700] {standard_task_runner.py:104} INFO - Running: ['airflow', 'tasks', 'run', 'etl_vlance_dag', 'update_vlance_jobs', 'manual__2024-11-14T15:00:18.446812+00:00', '--job-id', '26', '--raw', '--subdir', 'DAGS_FOLDER/ETL_vlance.py', '--cfg-path', '/tmp/tmpyb3pdr1d']
[2024-11-14T22:14:33.681+0700] {standard_task_runner.py:105} INFO - Job 26: Subtask update_vlance_jobs
[2024-11-14T22:14:33.702+0700] {task_command.py:467} INFO - Running <TaskInstance: etl_vlance_dag.update_vlance_jobs manual__2024-11-14T15:00:18.446812+00:00 [running]> on host fedora
[2024-11-14T22:14:33.743+0700] {taskinstance.py:3132} INFO - Exporting env vars: AIRFLOW_CTX_DAG_OWNER='admin' AIRFLOW_CTX_DAG_ID='etl_vlance_dag' AIRFLOW_CTX_TASK_ID='update_vlance_jobs' AIRFLOW_CTX_EXECUTION_DATE='2024-11-14T15:00:18.446812+00:00' AIRFLOW_CTX_TRY_NUMBER='2' AIRFLOW_CTX_DAG_RUN_ID='manual__2024-11-14T15:00:18.446812+00:00'
[2024-11-14T22:14:33.744+0700] {taskinstance.py:731} INFO - ::endgroup::
[2024-11-14T22:14:33.752+0700] {subprocess.py:78} INFO - Tmp dir root location: /tmp
[2024-11-14T22:14:33.753+0700] {subprocess.py:88} INFO - Running command: ['/usr/bin/bash', '-c', '/home/nngiaminh1812/.pyenv/versions/3.11.0/envs/airflow_env/bin/python /home/nngiaminh1812/airflow/dags/vlance_update.py']
[2024-11-14T22:14:33.759+0700] {subprocess.py:99} INFO - Output:
[2024-11-14T22:51:41.118+0700] {subprocess.py:106} INFO - Solve captcha manually...............
[2024-11-14T22:51:41.120+0700] {subprocess.py:106} INFO - Page: 1
[2024-11-14T22:51:41.121+0700] {subprocess.py:106} INFO - 4
[2024-11-14T22:51:41.122+0700] {subprocess.py:106} INFO - /viec-freelance/can-xay-dung-trang-web-ban-hang?utm_source=homepage&utm_medium=job-list-block&utm_campaign=20210420_homepage_job-list-block&utm_content=link
[2024-11-14T22:51:41.122+0700] {subprocess.py:106} INFO - Đăng việc
[2024-11-14T22:51:41.123+0700] {subprocess.py:106} INFO - Crawled ID is smaller than or equal the latest existed one
[2024-11-14T22:51:41.123+0700] {subprocess.py:106} INFO - /viec-freelance/du-an-outsourcing-1?utm_source=homepage&utm_medium=job-list-block&utm_campaign=20210420_homepage_job-list-block&utm_content=link
[2024-11-14T22:51:41.123+0700] {subprocess.py:106} INFO - Đăng việc
[2024-11-14T22:51:41.123+0700] {subprocess.py:106} INFO - /viec-freelance/content-writer-viet-noi-dung?utm_source=homepage&utm_medium=job-list-block&utm_campaign=20210420_homepage_job-list-block&utm_content=link
[2024-11-14T22:51:41.124+0700] {subprocess.py:106} INFO - Đăng việc
[2024-11-14T22:51:41.124+0700] {subprocess.py:106} INFO - /cd-tang-review/review-khoa-hoc-tren-udemy-12
[2024-11-14T22:51:41.124+0700] {subprocess.py:106} INFO - Chiến dịch hiển thị
[2024-11-14T22:51:41.124+0700] {subprocess.py:106} INFO - Page: 2
[2024-11-14T22:51:41.125+0700] {subprocess.py:106} INFO - 10
[2024-11-14T22:51:41.125+0700] {subprocess.py:106} INFO - /viec-freelance/lap-trinh-mach-stm32-1
[2024-11-14T22:51:41.125+0700] {subprocess.py:106} INFO - Đăng việc
[2024-11-14T22:51:41.125+0700] {subprocess.py:106} INFO - /viec-freelance/seo-website-game-bai-bong-da-1
[2024-11-14T22:51:41.126+0700] {subprocess.py:106} INFO - Đăng việc
[2024-11-14T22:51:41.126+0700] {subprocess.py:106} INFO - /viec-freelance/cai-dat-server-ddns-va-cau-hinh-he-thong-ddns
[2024-11-14T22:51:41.126+0700] {subprocess.py:106} INFO - Đăng việc
[2024-11-14T22:51:41.126+0700] {subprocess.py:106} INFO - /viec-freelance/decompile-file-lua
[2024-11-14T22:51:41.126+0700] {subprocess.py:106} INFO - Đăng việc
[2024-11-14T22:51:41.126+0700] {subprocess.py:106} INFO - /viec-freelance/can-thiet-ke-website-voi-joomla-sp-pagebuilder
[2024-11-14T22:51:41.127+0700] {subprocess.py:106} INFO - Đăng việc
[2024-11-14T22:51:41.127+0700] {subprocess.py:106} INFO - /viec-freelance/can-mot-ban-huong-dan-su-dung-phan-mem-quan-ly-cong-viec-clickup
[2024-11-14T22:51:41.127+0700] {subprocess.py:106} INFO - Đăng việc
[2024-11-14T22:51:41.127+0700] {subprocess.py:106} INFO - /viec-freelance/develop-website-using-low-code-tool-1
[2024-11-14T22:51:41.128+0700] {subprocess.py:106} INFO - Đăng việc
[2024-11-14T22:51:41.128+0700] {subprocess.py:106} INFO - /viec-freelance/lap-trinh-web-55
[2024-11-14T22:51:41.128+0700] {subprocess.py:106} INFO - Đăng việc
[2024-11-14T22:51:41.129+0700] {subprocess.py:106} INFO - /viec-freelance/du-an-outsourcing-1
[2024-11-14T22:51:41.129+0700] {subprocess.py:106} INFO - Đăng việc
[2024-11-14T22:51:41.129+0700] {subprocess.py:106} INFO - /viec-freelance/develop-website-using-low-code-tool
[2024-11-14T22:51:41.129+0700] {subprocess.py:106} INFO - Đăng việc
[2024-11-14T22:51:41.130+0700] {subprocess.py:106} INFO - Page: 3
[2024-11-14T22:51:41.130+0700] {subprocess.py:106} INFO - 10
[2024-11-14T22:51:41.130+0700] {subprocess.py:106} INFO - /viec-freelance/landing-page-development-from-figma-1
[2024-11-14T22:51:41.131+0700] {subprocess.py:106} INFO - Đăng việc
[2024-11-14T22:51:41.131+0700] {subprocess.py:106} INFO - /viec-freelance/can-dev-be-hoac-fullstack-cho-du-an-bat-dong-san
[2024-11-14T22:51:41.131+0700] {subprocess.py:106} INFO - Đăng việc
[2024-11-14T22:51:41.131+0700] {subprocess.py:106} INFO - Crawled ID is smaller than or equal the latest existed one
[2024-11-14T22:51:41.132+0700] {subprocess.py:106} INFO - /viec-freelance/tich-hop-api-google-ads-change-logs-to-website-django
[2024-11-14T22:51:41.132+0700] {subprocess.py:106} INFO - Đăng việc
[2024-11-14T22:51:41.132+0700] {subprocess.py:106} INFO - /viec-freelance/angualr-developer-version-14-tro-len-20tr-thoi-gian-2-thang
[2024-11-14T22:51:41.132+0700] {subprocess.py:106} INFO - Đăng việc
[2024-11-14T22:51:41.132+0700] {subprocess.py:106} INFO - /viec-freelance/can-thiet-ke-giao-dien-theo-yeu-cau
[2024-11-14T22:51:41.133+0700] {subprocess.py:106} INFO - Nhan chao gia
[2024-11-14T22:51:41.133+0700] {subprocess.py:106} INFO - /viec-freelance/can-xay-dung-trang-web-ban-hang
[2024-11-14T22:51:41.133+0700] {subprocess.py:106} INFO - Đăng việc
[2024-11-14T22:51:41.133+0700] {subprocess.py:106} INFO - Crawled ID is smaller than or equal the latest existed one
[2024-11-14T22:51:41.133+0700] {subprocess.py:106} INFO - /viec-freelance/tim-2-angular-thuc-hien-cong-viec-du-an
[2024-11-14T22:51:41.134+0700] {subprocess.py:106} INFO - Đăng việc
[2024-11-14T22:51:41.134+0700] {subprocess.py:106} INFO - Crawled ID is smaller than or equal the latest existed one
[2024-11-14T22:51:41.134+0700] {subprocess.py:106} INFO - /viec-freelance/tao-cong-cu-loc-co-phieu
[2024-11-14T22:51:41.134+0700] {subprocess.py:106} INFO - Đăng việc
[2024-11-14T22:51:41.135+0700] {subprocess.py:106} INFO - Crawled ID is smaller than or equal the latest existed one
[2024-11-14T22:51:41.135+0700] {subprocess.py:106} INFO - /viec-freelance/xay-dung-tinh-nang-virtual-microphone-tren-windows
[2024-11-14T22:51:41.135+0700] {subprocess.py:106} INFO - Traceback (most recent call last):
[2024-11-14T22:51:41.136+0700] {subprocess.py:106} INFO -   File "/home/nngiaminh1812/airflow/dags/vlance_update.py", line 305, in <module>
[2024-11-14T22:51:41.136+0700] {subprocess.py:106} INFO -     update_vlance_jobs("qn9965mh@gmail.com","123456asd*")
[2024-11-14T22:51:41.137+0700] {subprocess.py:106} INFO -   File "/home/nngiaminh1812/airflow/dags/vlance_update.py", line 88, in update_vlance_jobs
[2024-11-14T22:51:41.137+0700] {subprocess.py:106} INFO -     driver.get(url)
[2024-11-14T22:51:41.138+0700] {subprocess.py:106} INFO -   File "/home/nngiaminh1812/.pyenv/versions/3.11.0/envs/airflow_env/lib/python3.11/site-packages/selenium/webdriver/remote/webdriver.py", line 389, in get
[2024-11-14T22:51:41.138+0700] {subprocess.py:106} INFO -     self.execute(Command.GET, {"url": url})
[2024-11-14T22:51:41.138+0700] {subprocess.py:106} INFO -   File "/home/nngiaminh1812/.pyenv/versions/3.11.0/envs/airflow_env/lib/python3.11/site-packages/selenium/webdriver/remote/webdriver.py", line 380, in execute
[2024-11-14T22:51:41.138+0700] {subprocess.py:106} INFO -     self.error_handler.check_response(response)
[2024-11-14T22:51:41.138+0700] {subprocess.py:106} INFO -   File "/home/nngiaminh1812/.pyenv/versions/3.11.0/envs/airflow_env/lib/python3.11/site-packages/selenium/webdriver/remote/errorhandler.py", line 229, in check_response
[2024-11-14T22:51:41.138+0700] {subprocess.py:106} INFO -     raise exception_class(message, screen, stacktrace)
[2024-11-14T22:51:41.139+0700] {subprocess.py:106} INFO - selenium.common.exceptions.WebDriverException: Message: unknown error: net::ERR_INTERNET_DISCONNECTED
[2024-11-14T22:51:41.139+0700] {subprocess.py:106} INFO -   (Session info: chrome=130.0.6723.116)
[2024-11-14T22:51:41.139+0700] {subprocess.py:106} INFO - Stacktrace:
[2024-11-14T22:51:41.139+0700] {subprocess.py:106} INFO - #0 0x55c8e6b776da <unknown>
[2024-11-14T22:51:41.139+0700] {subprocess.py:106} INFO - #1 0x55c8e668bf80 <unknown>
[2024-11-14T22:51:41.139+0700] {subprocess.py:106} INFO - #2 0x55c8e6684181 <unknown>
[2024-11-14T22:51:41.139+0700] {subprocess.py:106} INFO - #3 0x55c8e66748b9 <unknown>
[2024-11-14T22:51:41.139+0700] {subprocess.py:106} INFO - #4 0x55c8e66765ea <unknown>
[2024-11-14T22:51:41.140+0700] {subprocess.py:106} INFO - #5 0x55c8e6674b6d <unknown>
[2024-11-14T22:51:41.140+0700] {subprocess.py:106} INFO - #6 0x55c8e66743df <unknown>
[2024-11-14T22:51:41.140+0700] {subprocess.py:106} INFO - #7 0x55c8e66742d2 <unknown>
[2024-11-14T22:51:41.140+0700] {subprocess.py:106} INFO - #8 0x55c8e667235c <unknown>
[2024-11-14T22:51:41.140+0700] {subprocess.py:106} INFO - #9 0x55c8e667299a <unknown>
[2024-11-14T22:51:41.141+0700] {subprocess.py:106} INFO - #10 0x55c8e668e879 <unknown>
[2024-11-14T22:51:41.141+0700] {subprocess.py:106} INFO - #11 0x55c8e671c1e5 <unknown>
[2024-11-14T22:51:41.142+0700] {subprocess.py:106} INFO - #12 0x55c8e66fcbb2 <unknown>
[2024-11-14T22:51:41.142+0700] {subprocess.py:106} INFO - #13 0x55c8e671b69d <unknown>
[2024-11-14T22:51:41.143+0700] {subprocess.py:106} INFO - #14 0x55c8e66fc953 <unknown>
[2024-11-14T22:51:41.143+0700] {subprocess.py:106} INFO - #15 0x55c8e66cb72e <unknown>
[2024-11-14T22:51:41.143+0700] {subprocess.py:106} INFO - #16 0x55c8e66cc79e <unknown>
[2024-11-14T22:51:41.143+0700] {subprocess.py:106} INFO - #17 0x55c8e6b42f1b <unknown>
[2024-11-14T22:51:41.143+0700] {subprocess.py:106} INFO - #18 0x55c8e6b46eb8 <unknown>
[2024-11-14T22:51:41.144+0700] {subprocess.py:106} INFO - #19 0x55c8e6b3042c <unknown>
[2024-11-14T22:51:41.144+0700] {subprocess.py:106} INFO - #20 0x55c8e6b47a37 <unknown>
[2024-11-14T22:51:41.144+0700] {subprocess.py:106} INFO - #21 0x55c8e6b14fef <unknown>
[2024-11-14T22:51:41.144+0700] {subprocess.py:106} INFO - #22 0x55c8e6b65ad8 <unknown>
[2024-11-14T22:51:41.144+0700] {subprocess.py:106} INFO - #23 0x55c8e6b65ca0 <unknown>
[2024-11-14T22:51:41.144+0700] {subprocess.py:106} INFO - #24 0x55c8e6b76556 <unknown>
[2024-11-14T22:51:41.145+0700] {subprocess.py:106} INFO - #25 0x7f4b121731b7 start_thread
[2024-11-14T22:51:41.145+0700] {subprocess.py:106} INFO - #26 0x7f4b121f539c __clone3
[2024-11-14T22:51:41.145+0700] {subprocess.py:106} INFO - 
[2024-11-14T22:51:42.146+0700] {subprocess.py:110} INFO - Command exited with return code 1
[2024-11-14T22:51:42.159+0700] {taskinstance.py:3311} ERROR - Task failed with exception
Traceback (most recent call last):
  File "/home/nngiaminh1812/.pyenv/versions/3.11.0/envs/airflow_env/lib/python3.11/site-packages/airflow/models/taskinstance.py", line 767, in _execute_task
    result = _execute_callable(context=context, **execute_callable_kwargs)
             ^^^^^^^^^^^^^^^^^^^^^^^^^^^^^^^^^^^^^^^^^^^^^^^^^^^^^^^^^^^^^
  File "/home/nngiaminh1812/.pyenv/versions/3.11.0/envs/airflow_env/lib/python3.11/site-packages/airflow/models/taskinstance.py", line 733, in _execute_callable
    return ExecutionCallableRunner(
           ^^^^^^^^^^^^^^^^^^^^^^^^
  File "/home/nngiaminh1812/.pyenv/versions/3.11.0/envs/airflow_env/lib/python3.11/site-packages/airflow/utils/operator_helpers.py", line 252, in run
    return self.func(*args, **kwargs)
           ^^^^^^^^^^^^^^^^^^^^^^^^^^
  File "/home/nngiaminh1812/.pyenv/versions/3.11.0/envs/airflow_env/lib/python3.11/site-packages/airflow/models/baseoperator.py", line 417, in wrapper
    return func(self, *args, **kwargs)
           ^^^^^^^^^^^^^^^^^^^^^^^^^^^
  File "/home/nngiaminh1812/.pyenv/versions/3.11.0/envs/airflow_env/lib/python3.11/site-packages/airflow/operators/bash.py", line 276, in execute
    raise AirflowException(
airflow.exceptions.AirflowException: Bash command failed. The command returned a non-zero exit code 1.
[2024-11-14T22:51:42.167+0700] {taskinstance.py:1225} INFO - Marking task as FAILED. dag_id=etl_vlance_dag, task_id=update_vlance_jobs, run_id=manual__2024-11-14T15:00:18.446812+00:00, execution_date=20241114T150018, start_date=20241114T151433, end_date=20241114T155142
[2024-11-14T22:51:42.192+0700] {taskinstance.py:340} INFO - ::group::Post task execution logs
[2024-11-14T22:51:42.193+0700] {standard_task_runner.py:124} ERROR - Failed to execute job 26 for task update_vlance_jobs (Bash command failed. The command returned a non-zero exit code 1.; 171087)
Traceback (most recent call last):
  File "/home/nngiaminh1812/.pyenv/versions/3.11.0/envs/airflow_env/lib/python3.11/site-packages/airflow/task/task_runner/standard_task_runner.py", line 117, in _start_by_fork
    ret = args.func(args, dag=self.dag)
          ^^^^^^^^^^^^^^^^^^^^^^^^^^^^^
  File "/home/nngiaminh1812/.pyenv/versions/3.11.0/envs/airflow_env/lib/python3.11/site-packages/airflow/cli/cli_config.py", line 49, in command
    return func(*args, **kwargs)
           ^^^^^^^^^^^^^^^^^^^^^
  File "/home/nngiaminh1812/.pyenv/versions/3.11.0/envs/airflow_env/lib/python3.11/site-packages/airflow/utils/cli.py", line 116, in wrapper
    return f(*args, **kwargs)
           ^^^^^^^^^^^^^^^^^^
  File "/home/nngiaminh1812/.pyenv/versions/3.11.0/envs/airflow_env/lib/python3.11/site-packages/airflow/cli/commands/task_command.py", line 483, in task_run
    task_return_code = _run_task_by_selected_method(args, _dag, ti)
                       ^^^^^^^^^^^^^^^^^^^^^^^^^^^^^^^^^^^^^^^^^^^^
  File "/home/nngiaminh1812/.pyenv/versions/3.11.0/envs/airflow_env/lib/python3.11/site-packages/airflow/cli/commands/task_command.py", line 256, in _run_task_by_selected_method
    return _run_raw_task(args, ti)
           ^^^^^^^^^^^^^^^^^^^^^^^
  File "/home/nngiaminh1812/.pyenv/versions/3.11.0/envs/airflow_env/lib/python3.11/site-packages/airflow/cli/commands/task_command.py", line 341, in _run_raw_task
    return ti._run_raw_task(
           ^^^^^^^^^^^^^^^^^
  File "/home/nngiaminh1812/.pyenv/versions/3.11.0/envs/airflow_env/lib/python3.11/site-packages/airflow/utils/session.py", line 97, in wrapper
    return func(*args, session=session, **kwargs)
           ^^^^^^^^^^^^^^^^^^^^^^^^^^^^^^^^^^^^^^
  File "/home/nngiaminh1812/.pyenv/versions/3.11.0/envs/airflow_env/lib/python3.11/site-packages/airflow/models/taskinstance.py", line 3005, in _run_raw_task
    return _run_raw_task(
           ^^^^^^^^^^^^^^
  File "/home/nngiaminh1812/.pyenv/versions/3.11.0/envs/airflow_env/lib/python3.11/site-packages/airflow/models/taskinstance.py", line 273, in _run_raw_task
    TaskInstance._execute_task_with_callbacks(
  File "/home/nngiaminh1812/.pyenv/versions/3.11.0/envs/airflow_env/lib/python3.11/site-packages/airflow/models/taskinstance.py", line 3159, in _execute_task_with_callbacks
    result = self._execute_task(context, task_orig)
             ^^^^^^^^^^^^^^^^^^^^^^^^^^^^^^^^^^^^^^
  File "/home/nngiaminh1812/.pyenv/versions/3.11.0/envs/airflow_env/lib/python3.11/site-packages/airflow/models/taskinstance.py", line 3183, in _execute_task
    return _execute_task(self, context, task_orig)
           ^^^^^^^^^^^^^^^^^^^^^^^^^^^^^^^^^^^^^^^
  File "/home/nngiaminh1812/.pyenv/versions/3.11.0/envs/airflow_env/lib/python3.11/site-packages/airflow/models/taskinstance.py", line 767, in _execute_task
    result = _execute_callable(context=context, **execute_callable_kwargs)
             ^^^^^^^^^^^^^^^^^^^^^^^^^^^^^^^^^^^^^^^^^^^^^^^^^^^^^^^^^^^^^
  File "/home/nngiaminh1812/.pyenv/versions/3.11.0/envs/airflow_env/lib/python3.11/site-packages/airflow/models/taskinstance.py", line 733, in _execute_callable
    return ExecutionCallableRunner(
           ^^^^^^^^^^^^^^^^^^^^^^^^
  File "/home/nngiaminh1812/.pyenv/versions/3.11.0/envs/airflow_env/lib/python3.11/site-packages/airflow/utils/operator_helpers.py", line 252, in run
    return self.func(*args, **kwargs)
           ^^^^^^^^^^^^^^^^^^^^^^^^^^
  File "/home/nngiaminh1812/.pyenv/versions/3.11.0/envs/airflow_env/lib/python3.11/site-packages/airflow/models/baseoperator.py", line 417, in wrapper
    return func(self, *args, **kwargs)
           ^^^^^^^^^^^^^^^^^^^^^^^^^^^
  File "/home/nngiaminh1812/.pyenv/versions/3.11.0/envs/airflow_env/lib/python3.11/site-packages/airflow/operators/bash.py", line 276, in execute
    raise AirflowException(
airflow.exceptions.AirflowException: Bash command failed. The command returned a non-zero exit code 1.
[2024-11-14T22:51:42.240+0700] {local_task_job_runner.py:266} INFO - Task exited with return code 1
[2024-11-14T22:51:42.263+0700] {taskinstance.py:3895} INFO - 0 downstream tasks scheduled from follow-on schedule check
[2024-11-14T22:51:42.273+0700] {local_task_job_runner.py:245} INFO - ::endgroup::
